-------------------------------------------------------------------------------
Test set: com.mokito.StudentTest
-------------------------------------------------------------------------------
Tests run: 1, Failures: 0, Errors: 1, Skipped: 0, Time elapsed: 1.985 s <<< FAILURE! -- in com.mokito.StudentTest
com.mokito.StudentTest.test -- Time elapsed: 1.919 s <<< ERROR!
java.lang.NoClassDefFoundError: org/junit/Assert
	at com.mokito.StudentTest.test(StudentTest.java:14)
	at java.base/java.lang.reflect.Method.invoke(Method.java:580)
	at java.base/java.util.ArrayList.forEach(ArrayList.java:1597)
	at java.base/java.util.ArrayList.forEach(ArrayList.java:1597)
Caused by: java.lang.ClassNotFoundException: org.junit.Assert
	at java.base/jdk.internal.loader.BuiltinClassLoader.loadClass(BuiltinClassLoader.java:641)
	at java.base/jdk.internal.loader.ClassLoaders$AppClassLoader.loadClass(ClassLoaders.java:188)
	at java.base/java.lang.ClassLoader.loadClass(ClassLoader.java:528)
	... 4 more

